<?xml version="1.0" encoding="UTF-8"?>
<!-- Generated by org.testng.reporters.JUnitReportReporter -->
<testsuite skipped="0" hostname="NeutrinoDinesh" name="qaclickacademy.appiumTest" tests="2" failures="0" timestamp="17 Mar 2019 03:23:10 GMT" time="0.040" errors="0">
  <testcase name="truecaller" time="0.012" classname="qaclickacademy.appiumTest"/>
  <testcase name="operamini" time="0.028" classname="qaclickacademy.appiumTest"/>
</testsuite> <!-- qaclickacademy.appiumTest -->
