<?xml version="1.0" encoding="UTF-8"?>
<!-- Generated by org.testng.reporters.JUnitReportReporter -->
<testsuite skipped="0" hostname="NeutrinoDinesh" name="qaclickacademy.SeleniumTest" tests="2" failures="0" timestamp="2019-03-17T11:03:24 IST" time="0.013" errors="0">
  <testcase name="bluedart" time="0.006" classname="qaclickacademy.SeleniumTest"/>
  <testcase name="travelsky" time="0.007" classname="qaclickacademy.SeleniumTest"/>
</testsuite> <!-- qaclickacademy.SeleniumTest -->
