<?xml version="1.0" encoding="UTF-8"?>
<!-- Generated by org.testng.reporters.JUnitReportReporter -->
<testsuite skipped="0" hostname="NeutrinoDinesh" name="qaclickacademy.RestapiTest" tests="2" failures="0" timestamp="2019-03-17T11:03:24 IST" time="0.034" errors="0">
  <testcase name="webinterface" time="0.030" classname="qaclickacademy.RestapiTest"/>
  <testcase name="webui" time="0.004" classname="qaclickacademy.RestapiTest"/>
</testsuite> <!-- qaclickacademy.RestapiTest -->
