<?xml version="1.0" encoding="UTF-8"?>
<!-- Generated by org.testng.reporters.JUnitReportReporter -->
<testsuite skipped="0" hostname="NeutrinoDinesh" name="qaclickacademy.SeleniumTest" tests="2" failures="0" timestamp="2019-03-20T19:57:57 IST" time="0.001" errors="0">
  <testcase name="travelsky" time="0.001" classname="qaclickacademy.SeleniumTest"/>
  <testcase name="bluedart" time="0.000" classname="qaclickacademy.SeleniumTest"/>
</testsuite> <!-- qaclickacademy.SeleniumTest -->
