<?xml version="1.0" encoding="UTF-8"?>
<!-- Generated by org.testng.reporters.JUnitReportReporter -->
<testsuite skipped="0" hostname="NeutrinoDinesh" name="qaclickacademy.RestapiTest" tests="2" failures="0" timestamp="2019-03-20T19:57:57 IST" time="0.036" errors="0">
  <testcase name="webui" time="0.001" classname="qaclickacademy.RestapiTest"/>
  <testcase name="webinterface" time="0.035" classname="qaclickacademy.RestapiTest"/>
</testsuite> <!-- qaclickacademy.RestapiTest -->
