<?xml version="1.0" encoding="UTF-8"?>
<!-- Generated by org.testng.reporters.JUnitReportReporter -->
<testsuite skipped="0" hostname="NeutrinoDinesh" name="qaclickacademy.appiumTest" tests="2" failures="0" timestamp="2019-03-20T19:57:57 IST" time="0.000" errors="0">
  <testcase name="operamini" time="0.000" classname="qaclickacademy.appiumTest"/>
  <testcase name="truecaller" time="0.000" classname="qaclickacademy.appiumTest"/>
</testsuite> <!-- qaclickacademy.appiumTest -->
